{
  "caller": "/home/adam/jahn/ride-hail/cmd/ride-service/main.go:82",
  "error": "sql: unknown driver \"pgx\" (forgotten import?)",
  "hostname": "yerkanbey",
  "level": "error",
  "message": "Error while open DB",
  "service": "ride-service",
  "status": "failed",
  "timestamp": "2025-10-11 21:30:33"
}
{
  "caller": "/home/adam/jahn/ride-hail/internal/ride/handler.go:101",
  "error": "http: request body too large",
  "hostname": "yerkanbey",
  "level": "error",
  "message": "Error while Deconding JSON",
  "service": "ride-service",
  "timestamp": "2025-10-12 04:58:12"
}
{
  "caller": "/home/adam/jahn/ride-hail/internal/ride/handler.go:101",
  "error": "http: request body too large",
  "hostname": "yerkanbey",
  "level": "error",
  "message": "Error while Deconding JSON",
  "service": "ride-service",
  "timestamp": "2025-10-12 04:59:42"
}
{
  "caller": "/home/adam/jahn/ride-hail/internal/ride/adapter/inbound/handler.go:49",
  "error": "listen tcp :3000: bind: address already in use",
  "hostname": "yerkanbey",
  "level": "error",
  "message": "HTTP server failed",
  "service": "ride-service",
  "status": "stopped",
  "timestamp": "2025-10-13 03:44:04"
}
{
  "caller": "/home/adam/jahn/ride-hail/cmd/ride-service/main.go:96",
  "error": "listen tcp :3000: bind: address already in use",
  "hostname": "yerkanbey",
  "level": "error",
  "message": "Ride service server failed",
  "service": "ride-service",
  "status": "failed",
  "timestamp": "2025-10-13 03:44:04"
}
{
  "caller": "/home/adam/jahn/ride-hail/internal/ride/adapter/inbound/handler.go:103",
  "error": "EOF",
  "hostname": "yerkanbey",
  "level": "error",
  "message": "Error while Deconding JSON",
  "service": "ride-service",
  "status": "bad_request",
  "timestamp": "2025-10-18 16:39:00"
}
